Build started 2014/6/30 17:01:23.
     1>Project "E:\Huawei_Antenna_cut\DHAPP\DHAPP.vcxproj" on node 2 (build target(s)).
     1>InitializeBuildStatus:
         Creating "E:\Huawei_Antenna_cut\Debug\DHAPP.unsuccessfulbuild" because "AlwaysCreate" was specified.
       CustomBuild:
         Moc'ing OptionPageManager.h...
         Moc'ing imagelist.h...
         Moc'ing ImageWin.h...
         Moc'ing MainWindow.h...
         Moc'ing ProjectFileInterface.h...
         Moc'ing ProjectFileManager.h...
         Moc'ing Segmentation.h...
         Moc'ing SegmentationOptionPage.h...
         Moc'ing SegmentationParamPanel.h...
         Uic'ing optionpagemanager.ui...
         Uic'ing MainWindow.ui...
         Uic'ing SegmentationOptionPage.ui...
         Uic'ing SegmentationParamPanel.ui...
         Rcc'ing DHAPP.qrc...
       ClCompile:
         c:\Program Files (x86)\Microsoft Visual Studio 10.0\VC\bin\CL.exe /c /I.\GeneratedFiles /IC:\SDK\Qt4\4.8.6\include /I.\GeneratedFiles\Debug /IC:\SDK\Qt4\4.8.6\include\qtmain /IC:\SDK\Qt4\4.8.6\include\QtCore /IC:\SDK\Qt4\4.8.6\include\QtGui /IC:\SDK\Qt4\4.8.6\include\QtXml /IC:\SDK\Qt4\4.8.6\include\QtXmlPatterns /IC:\SDK\opencv\build\include /IC:\SDK\opencv\build\include\opencv /IC:\SDK\opencv\build\include\opencv2 /IE:\Huawei_Antenna_cut\thirdparty\NLOPT\include /IE:\Huawei_Antenna_cut\DHAPP /Zi /nologo /W1 /WX- /Od /Oy- /D WIN32 /D QT_LARGEFILE_SUPPORT /D QT_CORE_LIB /D QT_GUI_LIB /D QT_XML_LIB /D QT_XMLPATTERNS_LIB /D QT_DLL /D SAVE_MINI_IMAGE /Gm- /EHsc /MDd /GS /fp:precise /Zc:wchar_t- /Zc:forScope /Fo"E:\Huawei_Antenna_cut\Debug\\" /Fd"E:\Huawei_Antenna_cut\Debug\vc100.pdb" /Gd /TP /analyze- /errorReport:prompt GeneratedFiles\Debug\moc_OptionPageManager.cpp KMeans.cpp myGMM.cpp OptionPageManager.cpp Segmentation\gmm\GMM.cpp Segmentation\CommonFunc.cpp Segmentation\GrabCut.cpp Segmentation\SegmentInterface.cpp Segmentation\LoG\smooth.cpp Segmentation\maxflow\graph.cpp Segmentation\maxflow\maxflow.cpp ElementPick.cpp imagelist.cpp ImageListProjectFileHandle.cpp ImageWin.cpp main.cpp MainWindow.cpp MultiCommand.cpp OperationModeManager.cpp PanelManager.cpp ProjectFileManager.cpp UndoRedoManager.cpp SegCommand.cpp Segmentation.cpp SegmentationOptionPage.cpp SegmentationParamPanel.cpp GeneratedFiles\Debug\moc_imagelist.cpp GeneratedFiles\Debug\moc_ImageWin.cpp GeneratedFiles\Debug\moc_MainWindow.cpp GeneratedFiles\Debug\moc_ProjectFileInterface.cpp GeneratedFiles\Debug\moc_ProjectFileManager.cpp GeneratedFiles\Debug\moc_Segmentation.cpp GeneratedFiles\Debug\moc_SegmentationOptionPage.cpp GeneratedFiles\Debug\moc_SegmentationParamPanel.cpp -I "/Platform/OutOfCore/include" -I "/Thirdparty/boost" -I "/Platform/OutOfCore/Library/stxxl/include" -D_FILE_OFFSET_BITS=64 -D_LARGEFILE_SOURCE -D_LARGEFILE64_SOURCE -D_RTLDLL -DBOOST_LIB_DIAGNOSTIC -DSTXXL_BOOST_TIMESTAMP -DSTXXL_BOOST_CONFIG -DSTXXL_BOOST_FILESYSTEM -DSTXXL_BOOST_THREADS -DSTXXL_BOOST_RANDOM /EHsc /EHs /wd4820 /wd4217 /wd4668 /wd4619 /wd4625 /wd4626 /wd4355 /wd4996 -D_SCL_SECURE_NO_DEPRECATE /F 16777216 /nologo  
         moc_OptionPageManager.cpp
     1>c:\sdk\qt4\4.8.6\include\qtcore\../../src/corelib/global/qconfig.h(41): warning C4005: 'QT_LARGEFILE_SUPPORT' : macro redefinition
                 command-line arguments :  see previous definition of 'QT_LARGEFILE_SUPPORT'
         KMeans.cpp
         myGMM.cpp
         OptionPageManager.cpp
     1>c:\sdk\qt4\4.8.6\include\qtcore\../../src/corelib/global/qconfig.h(41): warning C4005: 'QT_LARGEFILE_SUPPORT' : macro redefinition
                 command-line arguments :  see previous definition of 'QT_LARGEFILE_SUPPORT'
         GMM.cpp
         CommonFunc.cpp
     1>c:\sdk\qt4\4.8.6\include\qtcore\../../src/corelib/global/qconfig.h(41): warning C4005: 'QT_LARGEFILE_SUPPORT' : macro redefinition
                 command-line arguments :  see previous definition of 'QT_LARGEFILE_SUPPORT'
         GrabCut.cpp
     1>e:\huawei_antenna_cut\dhapp\segmentation\GrabCut.h : warning C4819: The file contains a character that cannot be represented in the current code page (936). Save the file in Unicode format to prevent data loss
     1>c:\sdk\qt4\4.8.6\include\qtcore\../../src/corelib/global/qconfig.h(41): warning C4005: 'QT_LARGEFILE_SUPPORT' : macro redefinition
                 command-line arguments :  see previous definition of 'QT_LARGEFILE_SUPPORT'
         SegmentInterface.cpp
     1>Segmentation\SegmentInterface.cpp : warning C4819: The file contains a character that cannot be represented in the current code page (936). Save the file in Unicode format to prevent data loss
     1>c:\sdk\qt4\4.8.6\include\qtcore\../../src/corelib/global/qconfig.h(41): warning C4005: 'QT_LARGEFILE_SUPPORT' : macro redefinition
                 command-line arguments :  see previous definition of 'QT_LARGEFILE_SUPPORT'
     1>e:\huawei_antenna_cut\dhapp\segmentation\GrabCut.h : warning C4819: The file contains a character that cannot be represented in the current code page (936). Save the file in Unicode format to prevent data loss
         smooth.cpp
         graph.cpp
         maxflow.cpp
         ElementPick.cpp
     1>c:\sdk\qt4\4.8.6\include\qtcore\../../src/corelib/global/qconfig.h(41): warning C4005: 'QT_LARGEFILE_SUPPORT' : macro redefinition
                 command-line arguments :  see previous definition of 'QT_LARGEFILE_SUPPORT'
     1>e:\huawei_antenna_cut\dhapp\MainWindow.h : warning C4819: The file contains a character that cannot be represented in the current code page (936). Save the file in Unicode format to prevent data loss
     1>e:\huawei_antenna_cut\dhapp\imagelist.h : warning C4819: The file contains a character that cannot be represented in the current code page (936). Save the file in Unicode format to prevent data loss
         imagelist.cpp
     1>imagelist.cpp : warning C4819: The file contains a character that cannot be represented in the current code page (936). Save the file in Unicode format to prevent data loss
     1>e:\huawei_antenna_cut\dhapp\imagelist.h : warning C4819: The file contains a character that cannot be represented in the current code page (936). Save the file in Unicode format to prevent data loss
     1>c:\sdk\qt4\4.8.6\include\qtcore\../../src/corelib/global/qconfig.h(41): warning C4005: 'QT_LARGEFILE_SUPPORT' : macro redefinition
                 command-line arguments :  see previous definition of 'QT_LARGEFILE_SUPPORT'
         ImageListProjectFileHandle.cpp
     1>c:\sdk\qt4\4.8.6\include\qtcore\../../src/corelib/global/qconfig.h(41): warning C4005: 'QT_LARGEFILE_SUPPORT' : macro redefinition
                 command-line arguments :  see previous definition of 'QT_LARGEFILE_SUPPORT'
         ImageWin.cpp
     1>c:\sdk\qt4\4.8.6\include\qtcore\../../src/corelib/global/qconfig.h(41): warning C4005: 'QT_LARGEFILE_SUPPORT' : macro redefinition
                 command-line arguments :  see previous definition of 'QT_LARGEFILE_SUPPORT'
     1>e:\huawei_antenna_cut\dhapp\MainWindow.h : warning C4819: The file contains a character that cannot be represented in the current code page (936). Save the file in Unicode format to prevent data loss
     1>e:\huawei_antenna_cut\dhapp\imagelist.h : warning C4819: The file contains a character that cannot be represented in the current code page (936). Save the file in Unicode format to prevent data loss
         main.cpp
     1>e:\huawei_antenna_cut\dhapp\MainWindow.h : warning C4819: The file contains a character that cannot be represented in the current code page (936). Save the file in Unicode format to prevent data loss
     1>c:\sdk\qt4\4.8.6\include\qtcore\../../src/corelib/global/qconfig.h(41): warning C4005: 'QT_LARGEFILE_SUPPORT' : macro redefinition
                 command-line arguments :  see previous definition of 'QT_LARGEFILE_SUPPORT'
     1>e:\huawei_antenna_cut\dhapp\imagelist.h : warning C4819: The file contains a character that cannot be represented in the current code page (936). Save the file in Unicode format to prevent data loss
         MainWindow.cpp
     1>MainWindow.cpp : warning C4819: The file contains a character that cannot be represented in the current code page (936). Save the file in Unicode format to prevent data loss
     1>e:\huawei_antenna_cut\dhapp\MainWindow.h : warning C4819: The file contains a character that cannot be represented in the current code page (936). Save the file in Unicode format to prevent data loss
     1>c:\sdk\qt4\4.8.6\include\qtcore\../../src/corelib/global/qconfig.h(41): warning C4005: 'QT_LARGEFILE_SUPPORT' : macro redefinition
                 command-line arguments :  see previous definition of 'QT_LARGEFILE_SUPPORT'
     1>e:\huawei_antenna_cut\dhapp\imagelist.h : warning C4819: The file contains a character that cannot be represented in the current code page (936). Save the file in Unicode format to prevent data loss
     1>e:\huawei_antenna_cut\dhapp\Segmentation.h : warning C4819: The file contains a character that cannot be represented in the current code page (936). Save the file in Unicode format to prevent data loss
         MultiCommand.cpp
         OperationModeManager.cpp
     1>e:\huawei_antenna_cut\dhapp\MainWindow.h : warning C4819: The file contains a character that cannot be represented in the current code page (936). Save the file in Unicode format to prevent data loss
     1>c:\sdk\qt4\4.8.6\include\qtcore\../../src/corelib/global/qconfig.h(41): warning C4005: 'QT_LARGEFILE_SUPPORT' : macro redefinition
                 command-line arguments :  see previous definition of 'QT_LARGEFILE_SUPPORT'
     1>e:\huawei_antenna_cut\dhapp\imagelist.h : warning C4819: The file contains a character that cannot be represented in the current code page (936). Save the file in Unicode format to prevent data loss
         PanelManager.cpp
     1>c:\sdk\qt4\4.8.6\include\qtcore\../../src/corelib/global/qconfig.h(41): warning C4005: 'QT_LARGEFILE_SUPPORT' : macro redefinition
                 command-line arguments :  see previous definition of 'QT_LARGEFILE_SUPPORT'
         Generating Code...
         Compiling...
         ProjectFileManager.cpp
     1>ProjectFileManager.cpp : warning C4819: The file contains a character that cannot be represented in the current code page (936). Save the file in Unicode format to prevent data loss
     1>c:\sdk\qt4\4.8.6\include\qtcore\../../src/corelib/global/qconfig.h(41): warning C4005: 'QT_LARGEFILE_SUPPORT' : macro redefinition
                 command-line arguments :  see previous definition of 'QT_LARGEFILE_SUPPORT'
         UndoRedoManager.cpp
         SegCommand.cpp
     1>e:\huawei_antenna_cut\dhapp\Segmentation.h : warning C4819: The file contains a character that cannot be represented in the current code page (936). Save the file in Unicode format to prevent data loss
     1>c:\sdk\qt4\4.8.6\include\qtcore\../../src/corelib/global/qconfig.h(41): warning C4005: 'QT_LARGEFILE_SUPPORT' : macro redefinition
                 command-line arguments :  see previous definition of 'QT_LARGEFILE_SUPPORT'
         Segmentation.cpp
     1>Segmentation.cpp : warning C4819: The file contains a character that cannot be represented in the current code page (936). Save the file in Unicode format to prevent data loss
     1>e:\huawei_antenna_cut\dhapp\Segmentation.h : warning C4819: The file contains a character that cannot be represented in the current code page (936). Save the file in Unicode format to prevent data loss
     1>c:\sdk\qt4\4.8.6\include\qtcore\../../src/corelib/global/qconfig.h(41): warning C4005: 'QT_LARGEFILE_SUPPORT' : macro redefinition
                 command-line arguments :  see previous definition of 'QT_LARGEFILE_SUPPORT'
     1>e:\huawei_antenna_cut\dhapp\MainWindow.h : warning C4819: The file contains a character that cannot be represented in the current code page (936). Save the file in Unicode format to prevent data loss
     1>e:\huawei_antenna_cut\dhapp\imagelist.h : warning C4819: The file contains a character that cannot be represented in the current code page (936). Save the file in Unicode format to prevent data loss
     1>Segmentation.cpp(1002): warning C4819: The file contains a character that cannot be represented in the current code page (936). Save the file in Unicode format to prevent data loss
         SegmentationOptionPage.cpp
     1>c:\sdk\qt4\4.8.6\include\qtcore\../../src/corelib/global/qconfig.h(41): warning C4005: 'QT_LARGEFILE_SUPPORT' : macro redefinition
                 command-line arguments :  see previous definition of 'QT_LARGEFILE_SUPPORT'
         SegmentationParamPanel.cpp
     1>c:\sdk\qt4\4.8.6\include\qtcore\../../src/corelib/global/qconfig.h(41): warning C4005: 'QT_LARGEFILE_SUPPORT' : macro redefinition
                 command-line arguments :  see previous definition of 'QT_LARGEFILE_SUPPORT'
         moc_imagelist.cpp
     1>e:\huawei_antenna_cut\dhapp\generatedfiles\debug\../../imagelist.h : warning C4819: The file contains a character that cannot be represented in the current code page (936). Save the file in Unicode format to prevent data loss
     1>c:\sdk\qt4\4.8.6\include\qtcore\../../src/corelib/global/qconfig.h(41): warning C4005: 'QT_LARGEFILE_SUPPORT' : macro redefinition
                 command-line arguments :  see previous definition of 'QT_LARGEFILE_SUPPORT'
         moc_ImageWin.cpp
     1>c:\sdk\qt4\4.8.6\include\qtcore\../../src/corelib/global/qconfig.h(41): warning C4005: 'QT_LARGEFILE_SUPPORT' : macro redefinition
                 command-line arguments :  see previous definition of 'QT_LARGEFILE_SUPPORT'
         moc_MainWindow.cpp
     1>e:\huawei_antenna_cut\dhapp\generatedfiles\debug\../../MainWindow.h : warning C4819: The file contains a character that cannot be represented in the current code page (936). Save the file in Unicode format to prevent data loss
     1>c:\sdk\qt4\4.8.6\include\qtcore\../../src/corelib/global/qconfig.h(41): warning C4005: 'QT_LARGEFILE_SUPPORT' : macro redefinition
                 command-line arguments :  see previous definition of 'QT_LARGEFILE_SUPPORT'
     1>e:\huawei_antenna_cut\dhapp\imagelist.h : warning C4819: The file contains a character that cannot be represented in the current code page (936). Save the file in Unicode format to prevent data loss
         moc_ProjectFileInterface.cpp
     1>c:\sdk\qt4\4.8.6\include\qtcore\../../src/corelib/global/qconfig.h(41): warning C4005: 'QT_LARGEFILE_SUPPORT' : macro redefinition
                 command-line arguments :  see previous definition of 'QT_LARGEFILE_SUPPORT'
         moc_ProjectFileManager.cpp
     1>c:\sdk\qt4\4.8.6\include\qtcore\../../src/corelib/global/qconfig.h(41): warning C4005: 'QT_LARGEFILE_SUPPORT' : macro redefinition
                 command-line arguments :  see previous definition of 'QT_LARGEFILE_SUPPORT'
         moc_Segmentation.cpp
     1>e:\huawei_antenna_cut\dhapp\generatedfiles\debug\../../Segmentation.h : warning C4819: The file contains a character that cannot be represented in the current code page (936). Save the file in Unicode format to prevent data loss
     1>c:\sdk\qt4\4.8.6\include\qtcore\../../src/corelib/global/qconfig.h(41): warning C4005: 'QT_LARGEFILE_SUPPORT' : macro redefinition
                 command-line arguments :  see previous definition of 'QT_LARGEFILE_SUPPORT'
         moc_SegmentationOptionPage.cpp
     1>c:\sdk\qt4\4.8.6\include\qtcore\../../src/corelib/global/qconfig.h(41): warning C4005: 'QT_LARGEFILE_SUPPORT' : macro redefinition
                 command-line arguments :  see previous definition of 'QT_LARGEFILE_SUPPORT'
         moc_SegmentationParamPanel.cpp
     1>c:\sdk\qt4\4.8.6\include\qtcore\../../src/corelib/global/qconfig.h(41): warning C4005: 'QT_LARGEFILE_SUPPORT' : macro redefinition
                 command-line arguments :  see previous definition of 'QT_LARGEFILE_SUPPORT'
         Generating Code...
         c:\Program Files (x86)\Microsoft Visual Studio 10.0\VC\bin\CL.exe /c /I.\GeneratedFiles /IC:\SDK\Qt4\4.8.6\include /I.\GeneratedFiles\Debug /IC:\SDK\Qt4\4.8.6\include\qtmain /IC:\SDK\Qt4\4.8.6\include\QtCore /IC:\SDK\Qt4\4.8.6\include\QtGui /IC:\SDK\Qt4\4.8.6\include\QtXml /IC:\SDK\Qt4\4.8.6\include\QtXmlPatterns /IC:\SDK\opencv\build\include /IC:\SDK\opencv\build\include\opencv /IC:\SDK\opencv\build\include\opencv2 /IE:\Huawei_Antenna_cut\thirdparty\NLOPT\include /IE:\Huawei_Antenna_cut\DHAPP /Zi /nologo /W1 /WX- /Od /Oy- /D WIN32 /D QT_LARGEFILE_SUPPORT /D QT_CORE_LIB /D QT_GUI_LIB /D QT_XML_LIB /D QT_XMLPATTERNS_LIB /D QT_DLL /D SAVE_MINI_IMAGE /Gm- /EHsc /MDd /GS /fp:precise /Zc:wchar_t- /Zc:forScope /Fo"E:\Huawei_Antenna_cut\Debug\\" /Fd"E:\Huawei_Antenna_cut\Debug\vc100.pdb" /Gd /TP /analyze- /errorReport:prompt GeneratedFiles\qrc_DHAPP.cpp -I "/Platform/OutOfCore/include" -I "/Thirdparty/boost" -I "/Platform/OutOfCore/Library/stxxl/include" -D_FILE_OFFSET_BITS=64 -D_LARGEFILE_SOURCE -D_LARGEFILE64_SOURCE -D_RTLDLL -DBOOST_LIB_DIAGNOSTIC -DSTXXL_BOOST_TIMESTAMP -DSTXXL_BOOST_CONFIG -DSTXXL_BOOST_FILESYSTEM -DSTXXL_BOOST_THREADS -DSTXXL_BOOST_RANDOM /EHsc /EHs /wd4820 /wd4217 /wd4668 /wd4619 /wd4625 /wd4626 /wd4355 /wd4996 -D_SCL_SECURE_NO_DEPRECATE /F 16777216 /nologo  
         qrc_DHAPP.cpp
     1>c:\sdk\qt4\4.8.6\include\qtcore\../../src/corelib/global/qconfig.h(41): warning C4005: 'QT_LARGEFILE_SUPPORT' : macro redefinition
                 command-line arguments :  see previous definition of 'QT_LARGEFILE_SUPPORT'
       Link:
         c:\Program Files (x86)\Microsoft Visual Studio 10.0\VC\bin\link.exe /ERRORREPORT:PROMPT /OUT:"E:\Huawei_Antenna_cut\Debug\DHAPP.exe" /NOLOGO /LIBPATH:C:\SDK\Qt4\4.8.6\lib /LIBPATH:E:\Huawei_Antenna_cut\thirdparty\NLOPT\lib /LIBPATH:C:\SDK\opencv\build\x86\vc10\lib qtmaind.lib QtCored4.lib QtGuid4.lib QtXmld4.lib QtXmlPatternsd4.lib opencv_highgui249d.lib opencv_core249d.lib opencv_ml249d.lib opencv_imgproc249d.lib opencv_features2d249d.lib opencv_flann249d.lib opencv_gpu249d.lib opencv_nonfree249d.lib opencv_calib3d249d.lib nlopt.lib kernel32.lib user32.lib gdi32.lib winspool.lib comdlg32.lib advapi32.lib shell32.lib ole32.lib oleaut32.lib uuid.lib odbc32.lib odbccp32.lib /MANIFEST /ManifestFile:"E:\Huawei_Antenna_cut\Debug\DHAPP.exe.intermediate.manifest" /MANIFESTUAC:"level='asInvoker' uiAccess='false'" /DEBUG /PDB:"E:\Huawei_Antenna_cut\Debug\DHAPP.pdb" /SUBSYSTEM:CONSOLE /TLBID:1 /DYNAMICBASE /NXCOMPAT /IMPLIB:"E:\Huawei_Antenna_cut\Debug\DHAPP.lib" /MACHINE:X86 E:\Huawei_Antenna_cut\Debug\moc_OptionPageManager.obj
         E:\Huawei_Antenna_cut\Debug\KMeans.obj
         E:\Huawei_Antenna_cut\Debug\myGMM.obj
         E:\Huawei_Antenna_cut\Debug\OptionPageManager.obj
         E:\Huawei_Antenna_cut\Debug\GMM.obj
         E:\Huawei_Antenna_cut\Debug\CommonFunc.obj
         E:\Huawei_Antenna_cut\Debug\GrabCut.obj
         E:\Huawei_Antenna_cut\Debug\SegmentInterface.obj
         E:\Huawei_Antenna_cut\Debug\smooth.obj
         E:\Huawei_Antenna_cut\Debug\graph.obj
         E:\Huawei_Antenna_cut\Debug\maxflow.obj
         E:\Huawei_Antenna_cut\Debug\ElementPick.obj
         E:\Huawei_Antenna_cut\Debug\imagelist.obj
         E:\Huawei_Antenna_cut\Debug\ImageListProjectFileHandle.obj
         E:\Huawei_Antenna_cut\Debug\ImageWin.obj
         E:\Huawei_Antenna_cut\Debug\main.obj
         E:\Huawei_Antenna_cut\Debug\MainWindow.obj
         E:\Huawei_Antenna_cut\Debug\MultiCommand.obj
         E:\Huawei_Antenna_cut\Debug\OperationModeManager.obj
         E:\Huawei_Antenna_cut\Debug\PanelManager.obj
         E:\Huawei_Antenna_cut\Debug\ProjectFileManager.obj
         E:\Huawei_Antenna_cut\Debug\UndoRedoManager.obj
         E:\Huawei_Antenna_cut\Debug\SegCommand.obj
         E:\Huawei_Antenna_cut\Debug\Segmentation.obj
         E:\Huawei_Antenna_cut\Debug\SegmentationOptionPage.obj
         E:\Huawei_Antenna_cut\Debug\SegmentationParamPanel.obj
         E:\Huawei_Antenna_cut\Debug\qrc_DHAPP.obj
         E:\Huawei_Antenna_cut\Debug\moc_imagelist.obj
         E:\Huawei_Antenna_cut\Debug\moc_ImageWin.obj
         E:\Huawei_Antenna_cut\Debug\moc_MainWindow.obj
         E:\Huawei_Antenna_cut\Debug\moc_ProjectFileInterface.obj
         E:\Huawei_Antenna_cut\Debug\moc_ProjectFileManager.obj
         E:\Huawei_Antenna_cut\Debug\moc_Segmentation.obj
         E:\Huawei_Antenna_cut\Debug\moc_SegmentationOptionPage.obj
         E:\Huawei_Antenna_cut\Debug\moc_SegmentationParamPanel.obj  /STACK:16777216 /NOLOGO /DEBUG 
          
         LINK : E:\Huawei_Antenna_cut\Debug\DHAPP.exe not found or not built by the last incremental link; performing full link
         DHAPP.vcxproj -> E:\Huawei_Antenna_cut\Debug\DHAPP.exe
       Manifest:
         C:\Program Files (x86)\Microsoft SDKs\Windows\v7.0A\bin\mt.exe /nologo /verbose /outputresource:"E:\Huawei_Antenna_cut\Debug\DHAPP.exe;#1" /manifest E:\Huawei_Antenna_cut\Debug\DHAPP.exe.intermediate.manifest
       FinalizeBuildStatus:
         Deleting file "E:\Huawei_Antenna_cut\Debug\DHAPP.unsuccessfulbuild".
         Touching "E:\Huawei_Antenna_cut\Debug\DHAPP.lastbuildstate".
     1>Done Building Project "E:\Huawei_Antenna_cut\DHAPP\DHAPP.vcxproj" (build target(s)).

Build succeeded.

Time Elapsed 00:00:58.66
