C:\USERS\LEON\DESKTOP\DHAPP\DEBUG\COMMONFUNC.OBJ
C:\USERS\LEON\DESKTOP\DHAPP\DEBUG\DHAPP.EXE
C:\USERS\LEON\DESKTOP\DHAPP\DEBUG\DHAPP.EXE.INTERMEDIATE.MANIFEST
C:\USERS\LEON\DESKTOP\DHAPP\DEBUG\DHAPP.ILK
C:\USERS\LEON\DESKTOP\DHAPP\DEBUG\DHAPP.PDB
C:\USERS\LEON\DESKTOP\DHAPP\DEBUG\ELEMENTPICK.OBJ
C:\USERS\LEON\DESKTOP\DHAPP\DEBUG\GMM.OBJ
C:\USERS\LEON\DESKTOP\DHAPP\DEBUG\GRABCUT.OBJ
C:\USERS\LEON\DESKTOP\DHAPP\DEBUG\GRAPH.OBJ
C:\USERS\LEON\DESKTOP\DHAPP\DEBUG\IMAGELIST.OBJ
C:\USERS\LEON\DESKTOP\DHAPP\DEBUG\IMAGELISTPROJECTFILEHANDLE.OBJ
C:\USERS\LEON\DESKTOP\DHAPP\DEBUG\IMAGEWIN.OBJ
C:\USERS\LEON\DESKTOP\DHAPP\DEBUG\MAIN.OBJ
C:\USERS\LEON\DESKTOP\DHAPP\DEBUG\MAINWINDOW.OBJ
C:\USERS\LEON\DESKTOP\DHAPP\DEBUG\MAXFLOW.OBJ
C:\USERS\LEON\DESKTOP\DHAPP\DEBUG\MOC_IMAGELIST.OBJ
C:\USERS\LEON\DESKTOP\DHAPP\DEBUG\MOC_IMAGEWIN.OBJ
C:\USERS\LEON\DESKTOP\DHAPP\DEBUG\MOC_MAINWINDOW.OBJ
C:\USERS\LEON\DESKTOP\DHAPP\DEBUG\MOC_OPTIONPAGEMANAGER.OBJ
C:\USERS\LEON\DESKTOP\DHAPP\DEBUG\MOC_PROJECTFILEINTERFACE.OBJ
C:\USERS\LEON\DESKTOP\DHAPP\DEBUG\MOC_PROJECTFILEMANAGER.OBJ
C:\USERS\LEON\DESKTOP\DHAPP\DEBUG\MOC_SEGMENTATION.OBJ
C:\USERS\LEON\DESKTOP\DHAPP\DEBUG\MOC_SEGMENTATIONOPTIONPAGE.OBJ
C:\USERS\LEON\DESKTOP\DHAPP\DEBUG\MOC_SEGMENTATIONPARAMPANEL.OBJ
C:\USERS\LEON\DESKTOP\DHAPP\DEBUG\MULTICOMMAND.OBJ
C:\USERS\LEON\DESKTOP\DHAPP\DEBUG\OPERATIONMODEMANAGER.OBJ
C:\USERS\LEON\DESKTOP\DHAPP\DEBUG\OPTIONPAGEMANAGER.OBJ
C:\USERS\LEON\DESKTOP\DHAPP\DEBUG\PANELMANAGER.OBJ
C:\USERS\LEON\DESKTOP\DHAPP\DEBUG\PROJECTFILEMANAGER.OBJ
C:\USERS\LEON\DESKTOP\DHAPP\DEBUG\QRC_DHAPP.OBJ
C:\USERS\LEON\DESKTOP\DHAPP\DEBUG\SEGCOMMAND.OBJ
C:\USERS\LEON\DESKTOP\DHAPP\DEBUG\SEGMENTATION.OBJ
C:\USERS\LEON\DESKTOP\DHAPP\DEBUG\SEGMENTATIONOPTIONPAGE.OBJ
C:\USERS\LEON\DESKTOP\DHAPP\DEBUG\SEGMENTATIONPARAMPANEL.OBJ
C:\USERS\LEON\DESKTOP\DHAPP\DEBUG\SEGMENTINTERFACE.OBJ
C:\USERS\LEON\DESKTOP\DHAPP\DEBUG\SMOOTH.OBJ
C:\USERS\LEON\DESKTOP\DHAPP\DEBUG\UNDOREDOMANAGER.OBJ
C:\USERS\LEON\DESKTOP\DHAPP\DEBUG\VC100.PDB
C:\USERS\LEON\DESKTOP\DHAPP\DHAPP\GENERATEDFILES\DEBUG\MOC_IMAGELIST.CPP
C:\USERS\LEON\DESKTOP\DHAPP\DHAPP\GENERATEDFILES\DEBUG\MOC_IMAGEWIN.CPP
C:\USERS\LEON\DESKTOP\DHAPP\DHAPP\GENERATEDFILES\DEBUG\MOC_MAINWINDOW.CPP
C:\USERS\LEON\DESKTOP\DHAPP\DHAPP\GENERATEDFILES\DEBUG\MOC_OPTIONPAGEMANAGER.CPP
C:\USERS\LEON\DESKTOP\DHAPP\DHAPP\GENERATEDFILES\DEBUG\MOC_PROJECTFILEINTERFACE.CPP
C:\USERS\LEON\DESKTOP\DHAPP\DHAPP\GENERATEDFILES\DEBUG\MOC_PROJECTFILEMANAGER.CPP
C:\USERS\LEON\DESKTOP\DHAPP\DHAPP\GENERATEDFILES\DEBUG\MOC_SEGMENTATION.CPP
C:\USERS\LEON\DESKTOP\DHAPP\DHAPP\GENERATEDFILES\DEBUG\MOC_SEGMENTATIONOPTIONPAGE.CPP
C:\USERS\LEON\DESKTOP\DHAPP\DHAPP\GENERATEDFILES\DEBUG\MOC_SEGMENTATIONPARAMPANEL.CPP
C:\USERS\LEON\DESKTOP\DHAPP\DHAPP\GENERATEDFILES\QRC_DHAPP.CPP
C:\USERS\LEON\DESKTOP\DHAPP\DHAPP\GENERATEDFILES\UI_MAINWINDOW.H
C:\USERS\LEON\DESKTOP\DHAPP\DHAPP\GENERATEDFILES\UI_OPTIONPAGEMANAGER.H
C:\USERS\LEON\DESKTOP\DHAPP\DHAPP\GENERATEDFILES\UI_SEGMENTATIONOPTIONPAGE.H
C:\USERS\LEON\DESKTOP\DHAPP\DHAPP\GENERATEDFILES\UI_SEGMENTATIONPARAMPANEL.H
C:\Users\leon\Desktop\Huawei_Antenna_cut\Debug\cl.command.1.tlog
C:\Users\leon\Desktop\Huawei_Antenna_cut\Debug\CL.read.1.tlog
C:\Users\leon\Desktop\Huawei_Antenna_cut\Debug\CL.write.1.tlog
C:\USERS\LEON\DESKTOP\HUAWEI_ANTENNA_CUT\DEBUG\COMMONFUNC.OBJ
C:\Users\leon\Desktop\Huawei_Antenna_cut\Debug\custombuild.command.1.tlog
C:\Users\leon\Desktop\Huawei_Antenna_cut\Debug\custombuild.read.1.tlog
C:\Users\leon\Desktop\Huawei_Antenna_cut\Debug\custombuild.write.1.tlog
C:\USERS\LEON\DESKTOP\HUAWEI_ANTENNA_CUT\DEBUG\DHAPP.EXE
C:\Users\leon\Desktop\Huawei_Antenna_cut\Debug\DHAPP.exe.intermediate.manifest
C:\Users\leon\Desktop\Huawei_Antenna_cut\Debug\DHAPP.pdb
C:\Users\leon\Desktop\Huawei_Antenna_cut\Debug\DHAPP.vcxprojResolveAssemblyReference.cache
C:\Users\leon\Desktop\Huawei_Antenna_cut\Debug\DHAPP.write.1.tlog
C:\USERS\LEON\DESKTOP\HUAWEI_ANTENNA_CUT\DEBUG\ELEMENTPICK.OBJ
C:\USERS\LEON\DESKTOP\HUAWEI_ANTENNA_CUT\DEBUG\GMM.OBJ
C:\USERS\LEON\DESKTOP\HUAWEI_ANTENNA_CUT\DEBUG\GRABCUT.OBJ
C:\USERS\LEON\DESKTOP\HUAWEI_ANTENNA_CUT\DEBUG\GRAPH.OBJ
C:\USERS\LEON\DESKTOP\HUAWEI_ANTENNA_CUT\DEBUG\IMAGELIST.OBJ
C:\USERS\LEON\DESKTOP\HUAWEI_ANTENNA_CUT\DEBUG\IMAGELISTPROJECTFILEHANDLE.OBJ
C:\USERS\LEON\DESKTOP\HUAWEI_ANTENNA_CUT\DEBUG\IMAGEWIN.OBJ
C:\Users\leon\Desktop\Huawei_Antenna_cut\Debug\link.command.1.tlog
C:\Users\leon\Desktop\Huawei_Antenna_cut\Debug\link.read.1.tlog
C:\Users\leon\Desktop\Huawei_Antenna_cut\Debug\link.write.1.tlog
C:\USERS\LEON\DESKTOP\HUAWEI_ANTENNA_CUT\DEBUG\MAIN.OBJ
C:\USERS\LEON\DESKTOP\HUAWEI_ANTENNA_CUT\DEBUG\MAINWINDOW.OBJ
C:\USERS\LEON\DESKTOP\HUAWEI_ANTENNA_CUT\DEBUG\MAXFLOW.OBJ
C:\USERS\LEON\DESKTOP\HUAWEI_ANTENNA_CUT\DEBUG\MOC_IMAGELIST.OBJ
C:\USERS\LEON\DESKTOP\HUAWEI_ANTENNA_CUT\DEBUG\MOC_IMAGEWIN.OBJ
C:\USERS\LEON\DESKTOP\HUAWEI_ANTENNA_CUT\DEBUG\MOC_MAINWINDOW.OBJ
C:\USERS\LEON\DESKTOP\HUAWEI_ANTENNA_CUT\DEBUG\MOC_OPTIONPAGEMANAGER.OBJ
C:\USERS\LEON\DESKTOP\HUAWEI_ANTENNA_CUT\DEBUG\MOC_PROJECTFILEINTERFACE.OBJ
C:\USERS\LEON\DESKTOP\HUAWEI_ANTENNA_CUT\DEBUG\MOC_PROJECTFILEMANAGER.OBJ
C:\USERS\LEON\DESKTOP\HUAWEI_ANTENNA_CUT\DEBUG\MOC_SEGMENTATION.OBJ
C:\USERS\LEON\DESKTOP\HUAWEI_ANTENNA_CUT\DEBUG\MOC_SEGMENTATIONOPTIONPAGE.OBJ
C:\USERS\LEON\DESKTOP\HUAWEI_ANTENNA_CUT\DEBUG\MOC_SEGMENTATIONPARAMPANEL.OBJ
C:\Users\leon\Desktop\Huawei_Antenna_cut\Debug\mt.command.1.tlog
C:\Users\leon\Desktop\Huawei_Antenna_cut\Debug\mt.read.1.tlog
C:\Users\leon\Desktop\Huawei_Antenna_cut\Debug\mt.write.1.tlog
C:\USERS\LEON\DESKTOP\HUAWEI_ANTENNA_CUT\DEBUG\MULTICOMMAND.OBJ
C:\USERS\LEON\DESKTOP\HUAWEI_ANTENNA_CUT\DEBUG\OPERATIONMODEMANAGER.OBJ
C:\USERS\LEON\DESKTOP\HUAWEI_ANTENNA_CUT\DEBUG\OPTIMIZATIONSEGMENT.OBJ
C:\USERS\LEON\DESKTOP\HUAWEI_ANTENNA_CUT\DEBUG\OPTIONPAGEMANAGER.OBJ
C:\USERS\LEON\DESKTOP\HUAWEI_ANTENNA_CUT\DEBUG\PANELMANAGER.OBJ
C:\USERS\LEON\DESKTOP\HUAWEI_ANTENNA_CUT\DEBUG\PROJECTFILEMANAGER.OBJ
C:\USERS\LEON\DESKTOP\HUAWEI_ANTENNA_CUT\DEBUG\QRC_DHAPP.OBJ
C:\USERS\LEON\DESKTOP\HUAWEI_ANTENNA_CUT\DEBUG\SEGCOMMAND.OBJ
C:\USERS\LEON\DESKTOP\HUAWEI_ANTENNA_CUT\DEBUG\SEGMENTATION.OBJ
C:\USERS\LEON\DESKTOP\HUAWEI_ANTENNA_CUT\DEBUG\SEGMENTATIONOPTIONPAGE.OBJ
C:\USERS\LEON\DESKTOP\HUAWEI_ANTENNA_CUT\DEBUG\SEGMENTATIONPARAMPANEL.OBJ
C:\USERS\LEON\DESKTOP\HUAWEI_ANTENNA_CUT\DEBUG\SEGMENTINTERFACE.OBJ
C:\USERS\LEON\DESKTOP\HUAWEI_ANTENNA_CUT\DEBUG\SMOOTH.OBJ
C:\USERS\LEON\DESKTOP\HUAWEI_ANTENNA_CUT\DEBUG\UNDOREDOMANAGER.OBJ
C:\USERS\LEON\DESKTOP\HUAWEI_ANTENNA_CUT\DEBUG\VC100.PDB
C:\USERS\LEON\DESKTOP\HUAWEI_ANTENNA_CUT\DHAPP\GENERATEDFILES\DEBUG\MOC_IMAGELIST.CPP
C:\USERS\LEON\DESKTOP\HUAWEI_ANTENNA_CUT\DHAPP\GENERATEDFILES\DEBUG\MOC_IMAGEWIN.CPP
C:\USERS\LEON\DESKTOP\HUAWEI_ANTENNA_CUT\DHAPP\GENERATEDFILES\DEBUG\MOC_MAINWINDOW.CPP
C:\USERS\LEON\DESKTOP\HUAWEI_ANTENNA_CUT\DHAPP\GENERATEDFILES\DEBUG\MOC_OPTIONPAGEMANAGER.CPP
C:\USERS\LEON\DESKTOP\HUAWEI_ANTENNA_CUT\DHAPP\GENERATEDFILES\DEBUG\MOC_PROJECTFILEINTERFACE.CPP
C:\USERS\LEON\DESKTOP\HUAWEI_ANTENNA_CUT\DHAPP\GENERATEDFILES\DEBUG\MOC_PROJECTFILEMANAGER.CPP
C:\USERS\LEON\DESKTOP\HUAWEI_ANTENNA_CUT\DHAPP\GENERATEDFILES\DEBUG\MOC_SEGMENTATION.CPP
C:\USERS\LEON\DESKTOP\HUAWEI_ANTENNA_CUT\DHAPP\GENERATEDFILES\DEBUG\MOC_SEGMENTATIONOPTIONPAGE.CPP
C:\USERS\LEON\DESKTOP\HUAWEI_ANTENNA_CUT\DHAPP\GENERATEDFILES\DEBUG\MOC_SEGMENTATIONPARAMPANEL.CPP
C:\USERS\LEON\DESKTOP\HUAWEI_ANTENNA_CUT\DHAPP\GENERATEDFILES\QRC_DHAPP.CPP
C:\USERS\LEON\DESKTOP\HUAWEI_ANTENNA_CUT\DHAPP\GENERATEDFILES\UI_MAINWINDOW.H
C:\USERS\LEON\DESKTOP\HUAWEI_ANTENNA_CUT\DHAPP\GENERATEDFILES\UI_OPTIONPAGEMANAGER.H
C:\USERS\LEON\DESKTOP\HUAWEI_ANTENNA_CUT\DHAPP\GENERATEDFILES\UI_SEGMENTATIONOPTIONPAGE.H
C:\USERS\LEON\DESKTOP\HUAWEI_ANTENNA_CUT\DHAPP\GENERATEDFILES\UI_SEGMENTATIONPARAMPANEL.H
C:\USERS\LEON\DESKTOP\SEGM\DHAPP\DEBUG\COMMONFUNC.OBJ
C:\USERS\LEON\DESKTOP\SEGM\DHAPP\DEBUG\DHAPP.EXE
C:\USERS\LEON\DESKTOP\SEGM\DHAPP\DEBUG\ELEMENTPICK.OBJ
C:\USERS\LEON\DESKTOP\SEGM\DHAPP\DEBUG\GMM.OBJ
C:\USERS\LEON\DESKTOP\SEGM\DHAPP\DEBUG\GRABCUT.OBJ
C:\USERS\LEON\DESKTOP\SEGM\DHAPP\DEBUG\GRAPH.OBJ
C:\USERS\LEON\DESKTOP\SEGM\DHAPP\DEBUG\IMAGELIST.OBJ
C:\USERS\LEON\DESKTOP\SEGM\DHAPP\DEBUG\IMAGELISTPROJECTFILEHANDLE.OBJ
C:\USERS\LEON\DESKTOP\SEGM\DHAPP\DEBUG\IMAGEWIN.OBJ
C:\USERS\LEON\DESKTOP\SEGM\DHAPP\DEBUG\MAIN.OBJ
C:\USERS\LEON\DESKTOP\SEGM\DHAPP\DEBUG\MAINWINDOW.OBJ
C:\USERS\LEON\DESKTOP\SEGM\DHAPP\DEBUG\MAXFLOW.OBJ
C:\USERS\LEON\DESKTOP\SEGM\DHAPP\DEBUG\MOC_IMAGELIST.OBJ
C:\USERS\LEON\DESKTOP\SEGM\DHAPP\DEBUG\MOC_IMAGEWIN.OBJ
C:\USERS\LEON\DESKTOP\SEGM\DHAPP\DEBUG\MOC_MAINWINDOW.OBJ
C:\USERS\LEON\DESKTOP\SEGM\DHAPP\DEBUG\MOC_OPTIONPAGEMANAGER.OBJ
C:\USERS\LEON\DESKTOP\SEGM\DHAPP\DEBUG\MOC_PROJECTFILEINTERFACE.OBJ
C:\USERS\LEON\DESKTOP\SEGM\DHAPP\DEBUG\MOC_PROJECTFILEMANAGER.OBJ
C:\USERS\LEON\DESKTOP\SEGM\DHAPP\DEBUG\MOC_SEGMENTATION.OBJ
C:\USERS\LEON\DESKTOP\SEGM\DHAPP\DEBUG\MOC_SEGMENTATIONOPTIONPAGE.OBJ
C:\USERS\LEON\DESKTOP\SEGM\DHAPP\DEBUG\MOC_SEGMENTATIONPARAMPANEL.OBJ
C:\USERS\LEON\DESKTOP\SEGM\DHAPP\DEBUG\MULTICOMMAND.OBJ
C:\USERS\LEON\DESKTOP\SEGM\DHAPP\DEBUG\OPERATIONMODEMANAGER.OBJ
C:\USERS\LEON\DESKTOP\SEGM\DHAPP\DEBUG\OPTIONPAGEMANAGER.OBJ
C:\USERS\LEON\DESKTOP\SEGM\DHAPP\DEBUG\PANELMANAGER.OBJ
C:\USERS\LEON\DESKTOP\SEGM\DHAPP\DEBUG\PROJECTFILEMANAGER.OBJ
C:\USERS\LEON\DESKTOP\SEGM\DHAPP\DEBUG\QRC_DHAPP.OBJ
C:\USERS\LEON\DESKTOP\SEGM\DHAPP\DEBUG\SEGCOMMAND.OBJ
C:\USERS\LEON\DESKTOP\SEGM\DHAPP\DEBUG\SEGMENTATION.OBJ
C:\USERS\LEON\DESKTOP\SEGM\DHAPP\DEBUG\SEGMENTATIONOPTIONPAGE.OBJ
C:\USERS\LEON\DESKTOP\SEGM\DHAPP\DEBUG\SEGMENTATIONPARAMPANEL.OBJ
C:\USERS\LEON\DESKTOP\SEGM\DHAPP\DEBUG\SEGMENTINTERFACE.OBJ
C:\USERS\LEON\DESKTOP\SEGM\DHAPP\DEBUG\SMOOTH.OBJ
C:\USERS\LEON\DESKTOP\SEGM\DHAPP\DEBUG\UNDOREDOMANAGER.OBJ
C:\USERS\LEON\DESKTOP\SEGM\DHAPP\DEBUG\VC100.PDB
C:\USERS\LEON\DESKTOP\SEGM\DHAPP\DHAPP\GENERATEDFILES\DEBUG\MOC_IMAGELIST.CPP
C:\USERS\LEON\DESKTOP\SEGM\DHAPP\DHAPP\GENERATEDFILES\DEBUG\MOC_IMAGEWIN.CPP
C:\USERS\LEON\DESKTOP\SEGM\DHAPP\DHAPP\GENERATEDFILES\DEBUG\MOC_MAINWINDOW.CPP
C:\USERS\LEON\DESKTOP\SEGM\DHAPP\DHAPP\GENERATEDFILES\DEBUG\MOC_OPTIONPAGEMANAGER.CPP
C:\USERS\LEON\DESKTOP\SEGM\DHAPP\DHAPP\GENERATEDFILES\DEBUG\MOC_PROJECTFILEINTERFACE.CPP
C:\USERS\LEON\DESKTOP\SEGM\DHAPP\DHAPP\GENERATEDFILES\DEBUG\MOC_PROJECTFILEMANAGER.CPP
C:\USERS\LEON\DESKTOP\SEGM\DHAPP\DHAPP\GENERATEDFILES\DEBUG\MOC_SEGMENTATION.CPP
C:\USERS\LEON\DESKTOP\SEGM\DHAPP\DHAPP\GENERATEDFILES\DEBUG\MOC_SEGMENTATIONOPTIONPAGE.CPP
C:\USERS\LEON\DESKTOP\SEGM\DHAPP\DHAPP\GENERATEDFILES\DEBUG\MOC_SEGMENTATIONPARAMPANEL.CPP
C:\USERS\LEON\DESKTOP\SEGM\DHAPP\DHAPP\GENERATEDFILES\QRC_DHAPP.CPP
C:\USERS\LEON\DESKTOP\SEGM\DHAPP\DHAPP\GENERATEDFILES\UI_MAINWINDOW.H
C:\USERS\LEON\DESKTOP\SEGM\DHAPP\DHAPP\GENERATEDFILES\UI_OPTIONPAGEMANAGER.H
C:\USERS\LEON\DESKTOP\SEGM\DHAPP\DHAPP\GENERATEDFILES\UI_SEGMENTATIONOPTIONPAGE.H
C:\USERS\LEON\DESKTOP\SEGM\DHAPP\DHAPP\GENERATEDFILES\UI_SEGMENTATIONPARAMPANEL.H
