Build started 7/24/2014 8:56:35 PM.
     1>Project "\\vmware-host\Shared Folders\Documents\projects\Huawei_Antenna_cut\DHAPP\DHAPP.vcxproj" on node 2 (build target(s)).
     1>InitializeBuildStatus:
         Creating "\\vmware-host\Shared Folders\Documents\projects\Huawei_Antenna_cut\Release\DHAPP.unsuccessfulbuild" because "AlwaysCreate" was specified.
       CustomBuild:
         '\\vmware-host\Shared Folders\Documents\projects\Huawei_Antenna_cut\DHAPP'
         CMD.EXE was started with the above path as the current directory.
         UNC paths are not supported.  Defaulting to Windows directory.
         Moc'ing OptionPageManager.h...
         moc: Cannot create .\GeneratedFiles\Release\moc_OptionPageManager.cpp
         Moc'ing imagelist.h...
         moc: Cannot create .\GeneratedFiles\Release\moc_imagelist.cpp
         Moc'ing ImageWin.h...
         moc: Cannot create .\GeneratedFiles\Release\moc_ImageWin.cpp
         Moc'ing MainWindow.h...
         moc: Cannot create .\GeneratedFiles\Release\moc_MainWindow.cpp
         Moc'ing ProjectFileInterface.h...
         moc: Cannot create .\GeneratedFiles\Release\moc_ProjectFileInterface.cpp
         Moc'ing ProjectFileManager.h...
         moc: Cannot create .\GeneratedFiles\Release\moc_ProjectFileManager.cpp
         Moc'ing Segmentation.h...
         moc: Cannot create .\GeneratedFiles\Release\moc_Segmentation.cpp
         Moc'ing SegmentationOptionPage.h...
         moc: Cannot create .\GeneratedFiles\Release\moc_SegmentationOptionPage.cpp
         Moc'ing SegmentationParamPanel.h...
         moc: Cannot create .\GeneratedFiles\Release\moc_SegmentationParamPanel.cpp
         Uic'ing optionpagemanager.ui...
         Could not create output file
         Uic'ing MainWindow.ui...
         Could not create output file
         Uic'ing SegmentationOptionPage.ui...
         Could not create output file
         Uic'ing SegmentationParamPanel.ui...
         Could not create output file
         Rcc'ing DHAPP.qrc...
         Unable to open .\GeneratedFiles\qrc_DHAPP.cpp for writing: The system cannot find the path specified.
         
     1>C:\Program Files (x86)\MSBuild\Microsoft.Cpp\v4.0\Microsoft.CppCommon.targets(151,5): error MSB6006: "cmd.exe" exited with code 1.
     1>Done Building Project "\\vmware-host\Shared Folders\Documents\projects\Huawei_Antenna_cut\DHAPP\DHAPP.vcxproj" (build target(s)) -- FAILED.

Build FAILED.

Time Elapsed 00:00:04.93
