C:\USERS\LEON\DESKTOP\SEGM\DHAPP\DHAPP\GENERATEDFILES\QRC_DHAPP.CPP
C:\USERS\LEON\DESKTOP\SEGM\DHAPP\DHAPP\GENERATEDFILES\RELEASE\MOC_IMAGELIST.CPP
C:\USERS\LEON\DESKTOP\SEGM\DHAPP\DHAPP\GENERATEDFILES\RELEASE\MOC_IMAGEWIN.CPP
C:\USERS\LEON\DESKTOP\SEGM\DHAPP\DHAPP\GENERATEDFILES\RELEASE\MOC_MAINWINDOW.CPP
C:\USERS\LEON\DESKTOP\SEGM\DHAPP\DHAPP\GENERATEDFILES\RELEASE\MOC_OPTIONPAGEMANAGER.CPP
C:\USERS\LEON\DESKTOP\SEGM\DHAPP\DHAPP\GENERATEDFILES\RELEASE\MOC_PROJECTFILEINTERFACE.CPP
C:\USERS\LEON\DESKTOP\SEGM\DHAPP\DHAPP\GENERATEDFILES\RELEASE\MOC_PROJECTFILEMANAGER.CPP
C:\USERS\LEON\DESKTOP\SEGM\DHAPP\DHAPP\GENERATEDFILES\RELEASE\MOC_SEGMENTATION.CPP
C:\USERS\LEON\DESKTOP\SEGM\DHAPP\DHAPP\GENERATEDFILES\RELEASE\MOC_SEGMENTATIONOPTIONPAGE.CPP
C:\USERS\LEON\DESKTOP\SEGM\DHAPP\DHAPP\GENERATEDFILES\RELEASE\MOC_SEGMENTATIONPARAMPANEL.CPP
C:\USERS\LEON\DESKTOP\SEGM\DHAPP\DHAPP\GENERATEDFILES\UI_MAINWINDOW.H
C:\USERS\LEON\DESKTOP\SEGM\DHAPP\DHAPP\GENERATEDFILES\UI_OPTIONPAGEMANAGER.H
C:\USERS\LEON\DESKTOP\SEGM\DHAPP\DHAPP\GENERATEDFILES\UI_SEGMENTATIONOPTIONPAGE.H
C:\USERS\LEON\DESKTOP\SEGM\DHAPP\DHAPP\GENERATEDFILES\UI_SEGMENTATIONPARAMPANEL.H
C:\Users\leon\Desktop\segm\DHAPP\Release\cl.command.1.tlog
C:\Users\leon\Desktop\segm\DHAPP\Release\CL.read.1.tlog
C:\Users\leon\Desktop\segm\DHAPP\Release\CL.write.1.tlog
C:\USERS\LEON\DESKTOP\SEGM\DHAPP\RELEASE\COMMONFUNC.OBJ
C:\Users\leon\Desktop\segm\DHAPP\Release\custombuild.command.1.tlog
C:\Users\leon\Desktop\segm\DHAPP\Release\custombuild.read.1.tlog
C:\Users\leon\Desktop\segm\DHAPP\Release\custombuild.write.1.tlog
C:\USERS\LEON\DESKTOP\SEGM\DHAPP\RELEASE\DHAPP.EXE
C:\USERS\LEON\DESKTOP\SEGM\DHAPP\RELEASE\DHAPP.EXE.INTERMEDIATE.MANIFEST
C:\USERS\LEON\DESKTOP\SEGM\DHAPP\RELEASE\DHAPP.PDB
C:\Users\leon\Desktop\segm\DHAPP\Release\DHAPP.vcxprojResolveAssemblyReference.cache
C:\Users\leon\Desktop\segm\DHAPP\Release\DHAPP.write.1.tlog
C:\USERS\LEON\DESKTOP\SEGM\DHAPP\RELEASE\ELEMENTPICK.OBJ
C:\USERS\LEON\DESKTOP\SEGM\DHAPP\RELEASE\GMM.OBJ
C:\USERS\LEON\DESKTOP\SEGM\DHAPP\RELEASE\GRABCUT.OBJ
C:\USERS\LEON\DESKTOP\SEGM\DHAPP\RELEASE\GRAPH.OBJ
C:\USERS\LEON\DESKTOP\SEGM\DHAPP\RELEASE\IMAGELIST.OBJ
C:\USERS\LEON\DESKTOP\SEGM\DHAPP\RELEASE\IMAGELISTPROJECTFILEHANDLE.OBJ
C:\USERS\LEON\DESKTOP\SEGM\DHAPP\RELEASE\IMAGEWIN.OBJ
C:\Users\leon\Desktop\segm\DHAPP\Release\link.command.1.tlog
C:\Users\leon\Desktop\segm\DHAPP\Release\link.read.1.tlog
C:\Users\leon\Desktop\segm\DHAPP\Release\link.write.1.tlog
C:\USERS\LEON\DESKTOP\SEGM\DHAPP\RELEASE\MAIN.OBJ
C:\USERS\LEON\DESKTOP\SEGM\DHAPP\RELEASE\MAINWINDOW.OBJ
C:\USERS\LEON\DESKTOP\SEGM\DHAPP\RELEASE\MAXFLOW.OBJ
C:\USERS\LEON\DESKTOP\SEGM\DHAPP\RELEASE\MOC_IMAGELIST.OBJ
C:\USERS\LEON\DESKTOP\SEGM\DHAPP\RELEASE\MOC_IMAGEWIN.OBJ
C:\USERS\LEON\DESKTOP\SEGM\DHAPP\RELEASE\MOC_MAINWINDOW.OBJ
C:\USERS\LEON\DESKTOP\SEGM\DHAPP\RELEASE\MOC_OPTIONPAGEMANAGER.OBJ
C:\USERS\LEON\DESKTOP\SEGM\DHAPP\RELEASE\MOC_PROJECTFILEINTERFACE.OBJ
C:\USERS\LEON\DESKTOP\SEGM\DHAPP\RELEASE\MOC_PROJECTFILEMANAGER.OBJ
C:\USERS\LEON\DESKTOP\SEGM\DHAPP\RELEASE\MOC_SEGMENTATION.OBJ
C:\USERS\LEON\DESKTOP\SEGM\DHAPP\RELEASE\MOC_SEGMENTATIONOPTIONPAGE.OBJ
C:\USERS\LEON\DESKTOP\SEGM\DHAPP\RELEASE\MOC_SEGMENTATIONPARAMPANEL.OBJ
C:\Users\leon\Desktop\segm\DHAPP\Release\mt.command.1.tlog
C:\Users\leon\Desktop\segm\DHAPP\Release\mt.read.1.tlog
C:\Users\leon\Desktop\segm\DHAPP\Release\mt.write.1.tlog
C:\USERS\LEON\DESKTOP\SEGM\DHAPP\RELEASE\MULTICOMMAND.OBJ
C:\USERS\LEON\DESKTOP\SEGM\DHAPP\RELEASE\OPERATIONMODEMANAGER.OBJ
C:\USERS\LEON\DESKTOP\SEGM\DHAPP\RELEASE\OPTIONPAGEMANAGER.OBJ
C:\USERS\LEON\DESKTOP\SEGM\DHAPP\RELEASE\PANELMANAGER.OBJ
C:\USERS\LEON\DESKTOP\SEGM\DHAPP\RELEASE\PROJECTFILEMANAGER.OBJ
C:\USERS\LEON\DESKTOP\SEGM\DHAPP\RELEASE\QRC_DHAPP.OBJ
C:\USERS\LEON\DESKTOP\SEGM\DHAPP\RELEASE\SEGCOMMAND.OBJ
C:\USERS\LEON\DESKTOP\SEGM\DHAPP\RELEASE\SEGMENTATION.OBJ
C:\USERS\LEON\DESKTOP\SEGM\DHAPP\RELEASE\SEGMENTATIONOPTIONPAGE.OBJ
C:\USERS\LEON\DESKTOP\SEGM\DHAPP\RELEASE\SEGMENTATIONPARAMPANEL.OBJ
C:\USERS\LEON\DESKTOP\SEGM\DHAPP\RELEASE\SEGMENTINTERFACE.OBJ
C:\USERS\LEON\DESKTOP\SEGM\DHAPP\RELEASE\SMOOTH.OBJ
C:\USERS\LEON\DESKTOP\SEGM\DHAPP\RELEASE\UNDOREDOMANAGER.OBJ
